Using pre-set license
Built from '2020.3/staging' branch; Version is '2020.3.18f1 (a7d1c678663c) revision 10998214'; Using compiler version '192528614'; Build Type 'Release'
OS: 'Windows 10 Home Single Language; OS build 22000.376; Version 2009; 64bit' Language: 'en' Physical Memory: 15771 MB
BatchMode: 1, IsHumanControllingUs: 0, StartBugReporterOnCrash: 0, Is64bit: 1, IsPro: 0

COMMAND LINE ARGUMENTS:
C:\unity\2020.3.18f1\Editor\Unity.exe
-adb2
-batchMode
-noUpm
-name
AssetImportWorker0
-projectPath
C:/Users/User/OneDrive/Desktop/Lacuna/LACUNA/Lacuna_Backup/LACUNA
-logFile
Logs/AssetImportWorker0.log
-srvPort
63055
Successfully changed project path to: C:/Users/User/OneDrive/Desktop/Lacuna/LACUNA/Lacuna_Backup/LACUNA
C:/Users/User/OneDrive/Desktop/Lacuna/LACUNA/Lacuna_Backup/LACUNA
Using Asset Import Pipeline V2.
Refreshing native plugins compatible for Editor in 76.47 ms, found 3 plugins.
Preloading 0 native plugins for Editor in 0.00 ms.
Initialize engine version: 2020.3.18f1 (a7d1c678663c)
[Subsystems] Discovering subsystems at path C:/unity/2020.3.18f1/Editor/Data/Resources/UnitySubsystems
[Subsystems] Discovering subsystems at path C:/Users/User/OneDrive/Desktop/Lacuna/LACUNA/Lacuna_Backup/LACUNA/Assets
GfxDevice: creating device client; threaded=0
Direct3D:
    Version:  Direct3D 11.0 [level 11.1]
    Renderer: Radeon RX 5500M (ID=0x7340)
    Vendor:   
    VRAM:     4054 MB
    Driver:   27.20.1023.1001
Initialize mono
Mono path[0] = 'C:/unity/2020.3.18f1/Editor/Data/Managed'
Mono path[1] = 'C:/unity/2020.3.18f1/Editor/Data/MonoBleedingEdge/lib/mono/unityjit'
Mono config path = 'C:/unity/2020.3.18f1/Editor/Data/MonoBleedingEdge/etc'
Using monoOptions --debugger-agent=transport=dt_socket,embedding=1,server=y,suspend=n,address=127.0.0.1:56460
Begin MonoManager ReloadAssembly
Registering precompiled unity dll's ...
Register platform support module: C:/unity/2020.3.18f1/Editor/Data/PlaybackEngines/WindowsStandaloneSupport/UnityEditor.WindowsStandalone.Extensions.dll
Registered in 0.001838 seconds.
Native extension for WindowsStandalone target not found
Refreshing native plugins compatible for Editor in 78.89 ms, found 3 plugins.
Preloading 0 native plugins for Editor in 0.00 ms.
Mono: successfully reloaded assembly
- Completed reload, in  1.482 seconds
Domain Reload Profiling:
	ReloadAssembly (1482ms)
		BeginReloadAssembly (65ms)
			ExecutionOrderSort (0ms)
			DisableScriptedObjects (0ms)
			BackupInstance (0ms)
			ReleaseScriptingObjects (0ms)
			CreateAndSetChildDomain (1ms)
		EndReloadAssembly (565ms)
			LoadAssemblies (63ms)
			RebuildTransferFunctionScriptingTraits (0ms)
			SetupTypeCache (192ms)
			ReleaseScriptCaches (0ms)
			RebuildScriptCaches (46ms)
			SetupLoadedEditorAssemblies (238ms)
				LogAssemblyErrors (0ms)
				InitializePlatformSupportModulesInManaged (5ms)
				SetLoadedEditorAssemblies (1ms)
				RefreshPlugins (79ms)
				BeforeProcessingInitializeOnLoad (12ms)
				ProcessInitializeOnLoadAttributes (101ms)
				ProcessInitializeOnLoadMethodAttributes (39ms)
				AfterProcessingInitializeOnLoad (0ms)
				EditorAssembliesLoaded (0ms)
			ExecutionOrderSort2 (0ms)
			AwakeInstancesAfterBackupRestoration (0ms)
Platform modules already initialized, skipping
Registering precompiled user dll's ...
Registered in 0.003938 seconds.
Begin MonoManager ReloadAssembly
Native extension for WindowsStandalone target not found
Refreshing native plugins compatible for Editor in 78.89 ms, found 3 plugins.
Preloading 0 native plugins for Editor in 0.00 ms.
!!! Lexitron Watcher Initialized
UnityEngine.StackTraceUtility:ExtractStackTrace ()
UnityEngine.DebugLogHandler:LogFormat (UnityEngine.LogType,UnityEngine.Object,string,object[])
UnityEngine.Logger:Log (UnityEngine.LogType,object)
UnityEngine.Debug:Log (object)
Lexto.Editor.LexitronWatcher:InitLexitronWatcher () (at C:/Users/User/OneDrive/Desktop/Lacuna/LACUNA/LACUNA/Library/PackageCache/com.dgn.thaitext@48e7172484/Editor/LexitronWatcher.cs:47)
Lexto.Editor.LexitronWatcher:OnInitialized () (at C:/Users/User/OneDrive/Desktop/Lacuna/LACUNA/LACUNA/Library/PackageCache/com.dgn.thaitext@48e7172484/Editor/LexitronWatcher.cs:21)
System.Reflection.MonoMethod:Invoke (object,System.Reflection.BindingFlags,System.Reflection.Binder,object[],System.Globalization.CultureInfo)
System.Reflection.MethodBase:Invoke (object,object[])
UnityEditor.EditorAssemblies:ProcessInitializeOnLoadMethodAttributes ()

(Filename: C:/Users/User/OneDrive/Desktop/Lacuna/LACUNA/LACUNA/Library/PackageCache/com.dgn.thaitext@48e7172484/Editor/LexitronWatcher.cs Line: 47)

Mono: successfully reloaded assembly
- Completed reload, in  1.505 seconds
Domain Reload Profiling:
	ReloadAssembly (1506ms)
		BeginReloadAssembly (185ms)
			ExecutionOrderSort (0ms)
			DisableScriptedObjects (6ms)
			BackupInstance (0ms)
			ReleaseScriptingObjects (0ms)
			CreateAndSetChildDomain (23ms)
		EndReloadAssembly (1238ms)
			LoadAssemblies (113ms)
			RebuildTransferFunctionScriptingTraits (0ms)
			SetupTypeCache (385ms)
			ReleaseScriptCaches (1ms)
			RebuildScriptCaches (77ms)
			SetupLoadedEditorAssemblies (498ms)
				LogAssemblyErrors (0ms)
				InitializePlatformSupportModulesInManaged (5ms)
				SetLoadedEditorAssemblies (1ms)
				RefreshPlugins (79ms)
				BeforeProcessingInitializeOnLoad (96ms)
				ProcessInitializeOnLoadAttributes (283ms)
				ProcessInitializeOnLoadMethodAttributes (27ms)
				AfterProcessingInitializeOnLoad (6ms)
				EditorAssembliesLoaded (0ms)
			ExecutionOrderSort2 (0ms)
			AwakeInstancesAfterBackupRestoration (10ms)
Platform modules already initialized, skipping
========================================================================
Worker process is ready to serve import requests
Launched and connected shader compiler UnityShaderCompiler.exe after 0.07 seconds
Refreshing native plugins compatible for Editor in 0.71 ms, found 3 plugins.
Preloading 0 native plugins for Editor in 0.00 ms.
Unloading 2415 Unused Serialized files (Serialized files now loaded: 0)
System memory in use before: 105.0 MB.
System memory in use after: 105.2 MB.

Unloading 26 unused Assets to reduce memory usage. Loaded Objects now: 2858.
Total: 5.688800 ms (FindLiveObjects: 0.392200 ms CreateObjectMapping: 0.161800 ms MarkObjects: 5.095400 ms  DeleteObjects: 0.037100 ms)

AssetImportParameters requested are different than current active one (requested -> active):
  custom:framework-win-MediaFoundation: 216162199b28c13a410421893ffa2e32 -> 
  custom:video-decoder-ogg-theora: a1e56fd34408186e4bbccfd4996cb3dc -> 
  custom:container-muxer-webm: aa71ff27fc2769a1b78a27578f13a17b -> 
  custom:container-demuxer-webm: 4f35f7cbe854078d1ac9338744f61a02 -> 
  custom:container-demuxer-ogg: 62fdf1f143b41e24485cea50d1cbac27 -> 
  custom:video-encoder-webm-vp8: eb34c28f22e8b96e1ab97ce403110664 -> 
  custom:video-decoder-webm-vp8: 9c59270c3fd7afecdb556c50c9e8de78 -> 
  custom:audio-decoder-ogg-vorbis: bf7c407c2cedff20999df2af8eb42d56 -> 
  custom:audio-encoder-webm-vorbis: bf7c407c2cedff20999df2af8eb42d56 -> 
========================================================================
Received Import Request.
  path: Assets/Scripts/Event/Detect_ActiveNextCollider.cs
  artifactKey: Guid(b05883a33ee0b3542ae5cfbc22c296df) Importer(815301076,1909f56bfc062723c751e8b465ee728b)
Start importing Assets/Scripts/Event/Detect_ActiveNextCollider.cs using Guid(b05883a33ee0b3542ae5cfbc22c296df) Importer(815301076,1909f56bfc062723c751e8b465ee728b)  -> (artifact id: 'ced9bdf4d2c6be9e6dfb2de2977e0924') in 0.021913 seconds 
  Import took 0.026782 seconds .

========================================================================
Received Import Request.
  Time since last request: 45.581328 seconds.
  path: Assets/Scripts/Character/MainCharacter
  artifactKey: Guid(4f6c39b742312e44494500b3f451fdf9) Importer(815301076,1909f56bfc062723c751e8b465ee728b)
Start importing Assets/Scripts/Character/MainCharacter using Guid(4f6c39b742312e44494500b3f451fdf9) Importer(815301076,1909f56bfc062723c751e8b465ee728b)  -> (artifact id: 'cb02a50b26e76daf237ff2b7e5de4d8d') in 0.002824 seconds 
  Import took 0.008465 seconds .

========================================================================
Received Import Request.
  Time since last request: 29.296482 seconds.
  path: Assets/Scripts/Puzzle/Key_Puzzle/Flower_Puzzle
  artifactKey: Guid(10b0eabe29f0d3542b54b984d6d2cfc9) Importer(815301076,1909f56bfc062723c751e8b465ee728b)
Start importing Assets/Scripts/Puzzle/Key_Puzzle/Flower_Puzzle using Guid(10b0eabe29f0d3542b54b984d6d2cfc9) Importer(815301076,1909f56bfc062723c751e8b465ee728b)  -> (artifact id: 'e9bb353d4eb5ca90acc0aaa10c4a00bb') in 0.002377 seconds 
  Import took 0.008055 seconds .

========================================================================
Received Import Request.
  Time since last request: 8.427631 seconds.
  path: Assets/Scripts/Item/PositionInspirePiece.cs
  artifactKey: Guid(489b65eb2bda65148b9f20c8d7fe0c56) Importer(815301076,1909f56bfc062723c751e8b465ee728b)
Start importing Assets/Scripts/Item/PositionInspirePiece.cs using Guid(489b65eb2bda65148b9f20c8d7fe0c56) Importer(815301076,1909f56bfc062723c751e8b465ee728b)  -> (artifact id: 'd4525e509c0cc6956fed3e1bfc06ea4e') in 0.002326 seconds 
  Import took 0.007637 seconds .

========================================================================
Received Import Request.
  Time since last request: 1.827587 seconds.
  path: Assets/Scripts/Item/WrapScenes.cs
  artifactKey: Guid(b5a3cf03a6ab1aa43ac5f80e6890c637) Importer(815301076,1909f56bfc062723c751e8b465ee728b)
Start importing Assets/Scripts/Item/WrapScenes.cs using Guid(b5a3cf03a6ab1aa43ac5f80e6890c637) Importer(815301076,1909f56bfc062723c751e8b465ee728b)  -> (artifact id: '5dbe5aa3011a0d4d1f4fb9fdb05d4dc3') in 0.002397 seconds 
  Import took 0.007680 seconds .

========================================================================
Received Import Request.
  Time since last request: 0.001807 seconds.
  path: Assets/Scripts/Item/WrapScenes.cs
  artifactKey: Guid(b5a3cf03a6ab1aa43ac5f80e6890c637) Importer(815301076,1909f56bfc062723c751e8b465ee728b)
Start importing Assets/Scripts/Item/WrapScenes.cs using Guid(b5a3cf03a6ab1aa43ac5f80e6890c637) Importer(815301076,1909f56bfc062723c751e8b465ee728b)  -> (artifact id: '5dbe5aa3011a0d4d1f4fb9fdb05d4dc3') in 0.002318 seconds 
  Import took 0.007456 seconds .

========================================================================
Received Import Request.
  Time since last request: 27.730452 seconds.
  path: Assets/Scripts/Event/ChangeSkyColor.cs
  artifactKey: Guid(56082a0d356cb6e488129a10ea1f6055) Importer(815301076,1909f56bfc062723c751e8b465ee728b)
Start importing Assets/Scripts/Event/ChangeSkyColor.cs using Guid(56082a0d356cb6e488129a10ea1f6055) Importer(815301076,1909f56bfc062723c751e8b465ee728b)  -> (artifact id: '8903d72444381a04d592b7622cd64533') in 0.002332 seconds 
  Import took 0.007770 seconds .

========================================================================
Received Import Request.
  Time since last request: 0.002887 seconds.
  path: Assets/Scripts/Event/ChangeSkyColor.cs
  artifactKey: Guid(56082a0d356cb6e488129a10ea1f6055) Importer(815301076,1909f56bfc062723c751e8b465ee728b)
Start importing Assets/Scripts/Event/ChangeSkyColor.cs using Guid(56082a0d356cb6e488129a10ea1f6055) Importer(815301076,1909f56bfc062723c751e8b465ee728b)  -> (artifact id: '8903d72444381a04d592b7622cd64533') in 0.002364 seconds 
  Import took 0.007827 seconds .

========================================================================
Received Import Request.
  Time since last request: 19.372050 seconds.
  path: Assets/Scripts/Event/ActivePressE.cs
  artifactKey: Guid(ea49fbbc498bfd64fb323e1dfd01e665) Importer(815301076,1909f56bfc062723c751e8b465ee728b)
Start importing Assets/Scripts/Event/ActivePressE.cs using Guid(ea49fbbc498bfd64fb323e1dfd01e665) Importer(815301076,1909f56bfc062723c751e8b465ee728b)  -> (artifact id: 'e62be3cd7c6d37a073cab3ddc2a62e29') in 0.002443 seconds 
  Import took 0.007416 seconds .

========================================================================
Received Prepare
Registering precompiled user dll's ...
Registered in 0.003750 seconds.
Begin MonoManager ReloadAssembly
Native extension for WindowsStandalone target not found
Refreshing native plugins compatible for Editor in 0.70 ms, found 3 plugins.
Preloading 0 native plugins for Editor in 0.00 ms.
!!! Lexitron Watcher Initialized
UnityEngine.StackTraceUtility:ExtractStackTrace ()
UnityEngine.DebugLogHandler:LogFormat (UnityEngine.LogType,UnityEngine.Object,string,object[])
UnityEngine.Logger:Log (UnityEngine.LogType,object)
UnityEngine.Debug:Log (object)
Lexto.Editor.LexitronWatcher:InitLexitronWatcher () (at C:/Users/User/OneDrive/Desktop/Lacuna/LACUNA/LACUNA/Library/PackageCache/com.dgn.thaitext@48e7172484/Editor/LexitronWatcher.cs:47)
Lexto.Editor.LexitronWatcher:OnInitialized () (at C:/Users/User/OneDrive/Desktop/Lacuna/LACUNA/LACUNA/Library/PackageCache/com.dgn.thaitext@48e7172484/Editor/LexitronWatcher.cs:21)
System.Reflection.MonoMethod:Invoke (object,System.Reflection.BindingFlags,System.Reflection.Binder,object[],System.Globalization.CultureInfo)
System.Reflection.MethodBase:Invoke (object,object[])
UnityEditor.EditorAssemblies:ProcessInitializeOnLoadMethodAttributes ()

(Filename: C:/Users/User/OneDrive/Desktop/Lacuna/LACUNA/LACUNA/Library/PackageCache/com.dgn.thaitext@48e7172484/Editor/LexitronWatcher.cs Line: 47)

Mono: successfully reloaded assembly
- Completed reload, in  1.341 seconds
Domain Reload Profiling:
	ReloadAssembly (1342ms)
		BeginReloadAssembly (151ms)
			ExecutionOrderSort (0ms)
			DisableScriptedObjects (8ms)
			BackupInstance (0ms)
			ReleaseScriptingObjects (0ms)
			CreateAndSetChildDomain (47ms)
		EndReloadAssembly (1105ms)
			LoadAssemblies (113ms)
			RebuildTransferFunctionScriptingTraits (0ms)
			SetupTypeCache (386ms)
			ReleaseScriptCaches (1ms)
			RebuildScriptCaches (61ms)
			SetupLoadedEditorAssemblies (404ms)
				LogAssemblyErrors (0ms)
				InitializePlatformSupportModulesInManaged (6ms)
				SetLoadedEditorAssemblies (1ms)
				RefreshPlugins (1ms)
				BeforeProcessingInitializeOnLoad (82ms)
				ProcessInitializeOnLoadAttributes (291ms)
				ProcessInitializeOnLoadMethodAttributes (17ms)
				AfterProcessingInitializeOnLoad (6ms)
				EditorAssembliesLoaded (0ms)
			ExecutionOrderSort2 (0ms)
			AwakeInstancesAfterBackupRestoration (14ms)
Platform modules already initialized, skipping
Refreshing native plugins compatible for Editor in 0.74 ms, found 3 plugins.
Preloading 0 native plugins for Editor in 0.00 ms.
Unloading 2390 Unused Serialized files (Serialized files now loaded: 0)
System memory in use before: 103.1 MB.
System memory in use after: 103.3 MB.

Unloading 15 unused Assets to reduce memory usage. Loaded Objects now: 2862.
Total: 5.493100 ms (FindLiveObjects: 0.388000 ms CreateObjectMapping: 0.168600 ms MarkObjects: 4.907500 ms  DeleteObjects: 0.026900 ms)

AssetImportParameters requested are different than current active one (requested -> active):
  custom:framework-win-MediaFoundation: 216162199b28c13a410421893ffa2e32 -> 
  custom:video-decoder-ogg-theora: a1e56fd34408186e4bbccfd4996cb3dc -> 
  custom:container-muxer-webm: aa71ff27fc2769a1b78a27578f13a17b -> 
  custom:container-demuxer-webm: 4f35f7cbe854078d1ac9338744f61a02 -> 
  custom:container-demuxer-ogg: 62fdf1f143b41e24485cea50d1cbac27 -> 
  custom:video-encoder-webm-vp8: eb34c28f22e8b96e1ab97ce403110664 -> 
  custom:video-decoder-webm-vp8: 9c59270c3fd7afecdb556c50c9e8de78 -> 
  custom:audio-decoder-ogg-vorbis: bf7c407c2cedff20999df2af8eb42d56 -> 
  custom:audio-encoder-webm-vorbis: bf7c407c2cedff20999df2af8eb42d56 -> 
========================================================================
Received Import Request.
  Time since last request: 21.099009 seconds.
  path: Assets/Scripts/Character/Dialogue/DialogueTrigger.cs
  artifactKey: Guid(06dadafa49f9d034badfcd47b0e67a94) Importer(815301076,1909f56bfc062723c751e8b465ee728b)
Start importing Assets/Scripts/Character/Dialogue/DialogueTrigger.cs using Guid(06dadafa49f9d034badfcd47b0e67a94) Importer(815301076,1909f56bfc062723c751e8b465ee728b)  -> (artifact id: 'fea4c96b20145ccb6cf7c383a3c6899a') in 0.006097 seconds 
  Import took 0.012288 seconds .

========================================================================
Received Import Request.
  Time since last request: 0.001482 seconds.
  path: Assets/Scripts/Character/Dialogue/DialogueTrigger.cs
  artifactKey: Guid(06dadafa49f9d034badfcd47b0e67a94) Importer(815301076,1909f56bfc062723c751e8b465ee728b)
Start importing Assets/Scripts/Character/Dialogue/DialogueTrigger.cs using Guid(06dadafa49f9d034badfcd47b0e67a94) Importer(815301076,1909f56bfc062723c751e8b465ee728b)  -> (artifact id: 'fea4c96b20145ccb6cf7c383a3c6899a') in 0.002162 seconds 
  Import took 0.007445 seconds .

